<?xml version="1.0" encoding="UTF-8"?>
<!-- Generated by org.testng.reporters.JUnitReportReporter -->
<testsuite hostname="LAPTOP-RM22RMF8" failures="0" tests="1" name="Exclude_Include_Study.Include_study" time="0.015" errors="0" timestamp="2022-06-28T14:44:29 IST" skipped="0">
  <testcase classname="Exclude_Include_Study.Include_study" name="x" time="0.015"/>
  <system-out>
    <![CDATA[X]]>
  </system-out>
</testsuite> <!-- Exclude_Include_Study.Include_study -->
