<?xml version="1.0" encoding="UTF-8"?>
<!-- Generated by org.testng.reporters.JUnitReportReporter -->
<testsuite hostname="LAPTOP-RM22RMF8" failures="0" tests="2" name="CrossBrowserTest.CrossBrowserTesting_Firefox_Chrome" time="60.976" errors="0" timestamp="2022-06-29T15:23:22 IST" skipped="0">
  <testcase classname="CrossBrowserTest.CrossBrowserTesting_Firefox_Chrome" name="myMethod" time="21.275"/>
  <system-out/>
  <testcase classname="CrossBrowserTest.CrossBrowserTesting_Firefox_Chrome" name="myMethod" time="39.701"/>
  <system-out/>
</testsuite> <!-- CrossBrowserTest.CrossBrowserTesting_Firefox_Chrome -->
