<?xml version="1.0" encoding="UTF-8"?>
<!-- Generated by org.testng.reporters.JUnitReportReporter -->
<testsuite hostname="LAPTOP-RM22RMF8" failures="0" tests="1" name="Serial_Parallel_Study.Serial_TestNg" time="31.889" errors="0" timestamp="2022-06-28T15:22:42 IST" skipped="0">
  <testcase classname="Serial_Parallel_Study.Serial_TestNg" name="kiteApp" time="31.889"/>
  <system-out/>
</testsuite> <!-- Serial_Parallel_Study.Serial_TestNg -->
