<?xml version="1.0" encoding="UTF-8"?>
<!-- Generated by org.testng.reporters.JUnitReportReporter -->
<testsuite hostname="LAPTOP-RM22RMF8" failures="0" tests="1" name="KitePOM_Using_TestNG.ValidateKiteAppUserName" time="3.354" errors="0" timestamp="2022-07-01T13:39:37 IST" skipped="0">
  <testcase classname="KitePOM_Using_TestNG.ValidateKiteAppUserName" name="validateUserName" time="3.354"/>
  <system-out/>
</testsuite> <!-- KitePOM_Using_TestNG.ValidateKiteAppUserName -->
