<?xml version="1.0" encoding="UTF-8"?>
<!-- Generated by org.testng.reporters.JUnitReportReporter -->
<testsuite hostname="LAPTOP-RM22RMF8" failures="0" tests="1" name="VerificationUsingTestNg.AssertNullUse" time="0.009" errors="0" timestamp="2022-06-29T13:25:53 IST" skipped="0">
  <testcase classname="VerificationUsingTestNg.AssertNullUse" name="myTest" time="0.009"/>
  <system-out>
    <![CDATA[b is not null TC is PASSED]]>
  </system-out>
</testsuite> <!-- VerificationUsingTestNg.AssertNullUse -->
