<?xml version="1.0" encoding="UTF-8"?>
<!-- Generated by org.testng.reporters.JUnitReportReporter -->
<testsuite hostname="LAPTOP-RM22RMF8" failures="0" tests="1" name="KiteTest_TestNg.KiteTest_ValidateUID" time="5.638" errors="0" timestamp="2022-07-01T14:37:40 IST" skipped="0">
  <testcase classname="KiteTest_TestNg.KiteTest_ValidateUID" name="validateUser_Id" time="5.638"/>
  <system-out/>
</testsuite> <!-- KiteTest_TestNg.KiteTest_ValidateUID -->
