<?xml version="1.0" encoding="UTF-8"?>
<!-- Generated by org.testng.reporters.JUnitReportReporter -->
<testsuite hostname="LAPTOP-RM22RMF8" failures="0" tests="2" name="Exclude_Include_Study.Grouping_Example" time="0.012" errors="0" timestamp="2022-06-28T15:04:09 IST" skipped="0">
  <testcase classname="Exclude_Include_Study.Grouping_Example" name="a" time="0.010"/>
  <system-out>
    <![CDATA[A is sanity]]>
  </system-out>
  <testcase classname="Exclude_Include_Study.Grouping_Example" name="c" time="0.002"/>
  <system-out>
    <![CDATA[C is sanity]]>
  </system-out>
</testsuite> <!-- Exclude_Include_Study.Grouping_Example -->
