<?xml version="1.0" encoding="UTF-8"?>
<!-- Generated by org.testng.reporters.JUnitReportReporter -->
<testsuite hostname="LAPTOP-RM22RMF8" failures="0" tests="1" name="testNgStudy.MyTestClass" time="13.245" errors="0" timestamp="2022-06-27T10:31:31 IST" skipped="0">
  <testcase classname="testNgStudy.MyTestClass" name="MyMethod" time="13.245"/>
  <system-out>
    <![CDATA[Hi,method is running this is reported output]]>
  </system-out>
</testsuite> <!-- testNgStudy.MyTestClass -->
