<?xml version="1.0" encoding="UTF-8"?>
<!-- Generated by org.testng.reporters.JUnitReportReporter -->
<testsuite hostname="LAPTOP-RM22RMF8" failures="0" tests="2" name="Exclude_Include_Study.Grouping_Example1" time="0.003" errors="0" timestamp="2022-06-28T15:04:09 IST" skipped="0">
  <testcase classname="Exclude_Include_Study.Grouping_Example1" name="x" time="0.002"/>
  <system-out>
    <![CDATA[x]]>
  </system-out>
  <testcase classname="Exclude_Include_Study.Grouping_Example1" name="z" time="0.001"/>
  <system-out>
    <![CDATA[z is sanity]]>
  </system-out>
</testsuite> <!-- Exclude_Include_Study.Grouping_Example1 -->
