<?xml version="1.0" encoding="UTF-8"?>
<!-- Generated by org.testng.reporters.JUnitReportReporter -->
<testsuite hostname="LAPTOP-RM22RMF8" failures="0" tests="1" name="CrossBrowserTest.Firefox_Test" time="35.688" errors="0" timestamp="2022-06-29T14:09:33 IST" skipped="0">
  <testcase classname="CrossBrowserTest.Firefox_Test" name="myMethod" time="35.688"/>
  <system-out/>
</testsuite> <!-- CrossBrowserTest.Firefox_Test -->
