<?xml version="1.0" encoding="UTF-8"?>
<!-- Generated by org.testng.reporters.JUnitReportReporter -->
<testsuite hostname="LAPTOP-RM22RMF8" failures="0" tests="2" name="Exclude_Include_Study.Exclude_Include" time="0.006" errors="0" timestamp="2022-06-28T14:44:29 IST" skipped="0">
  <testcase classname="Exclude_Include_Study.Exclude_Include" name="a" time="0.003"/>
  <system-out>
    <![CDATA[A]]>
  </system-out>
  <testcase classname="Exclude_Include_Study.Exclude_Include" name="c" time="0.003"/>
  <system-out>
    <![CDATA[C]]>
  </system-out>
</testsuite> <!-- Exclude_Include_Study.Exclude_Include -->
