<?xml version="1.0" encoding="UTF-8"?>
<!-- Generated by org.testng.reporters.JUnitReportReporter -->
<testsuite hostname="LAPTOP-RM22RMF8" failures="0" tests="2" name="CrossBrowserTest.CrossBrowserTesting" time="104.467" errors="0" timestamp="2022-06-29T14:37:36 IST" skipped="0">
  <testcase classname="CrossBrowserTest.CrossBrowserTesting" name="myMethod" time="23.816"/>
  <system-out/>
  <testcase classname="CrossBrowserTest.CrossBrowserTesting" name="myMethod1" time="80.651"/>
  <system-out/>
</testsuite> <!-- CrossBrowserTest.CrossBrowserTesting -->
