<?xml version="1.0" encoding="UTF-8"?>
<!-- Generated by org.testng.reporters.JUnitReportReporter -->
<testsuite hostname="LAPTOP-RM22RMF8" failures="0" tests="2" name="testNgStudy.My_TestNg_Class" time="34.267" errors="0" timestamp="2022-06-27T10:30:34 IST" skipped="0">
  <testcase classname="testNgStudy.My_TestNg_Class" name="Facebook" time="11.702"/>
  <system-out>
    <![CDATA[Hello,Practice hard ]]>
  </system-out>
  <testcase classname="testNgStudy.My_TestNg_Class" name="KiteApp" time="22.565"/>
  <system-out>
    <![CDATA[Get Success]]>
  </system-out>
</testsuite> <!-- testNgStudy.My_TestNg_Class -->
